<?xml version="1.0" encoding="UTF-8"?>
<!-- Generated by org.testng.reporters.JUnitXMLReporter -->
<testsuite ignored="0" hostname="Amols-MacBook-Air.local" failures="1" tests="2" name="Error Validation Test" time="5.67" errors="0" timestamp="2025-01-24T16:44:57 IST">
  <testcase classname="snehalacademy.Test.ErrorValidationsTest" name="ErrorValidationTest" time="0.796">
    <failure type="java.lang.AssertionError" message="expected [Incorrect email or password.] but found [Incorrect email password.]">
      <![CDATA[java.lang.AssertionError: expected [Incorrect email or password.] but found [Incorrect email password.]
at snehalacademy.Test.ErrorValidationsTest.ErrorValidationTest(ErrorValidationsTest.java:30)
at java.base/java.util.ArrayList.forEach(ArrayList.java:1596)
... Removed 31 stack frames]]>
    </failure>
  </testcase> <!-- ErrorValidationTest -->
  <testcase classname="snehalacademy.Test.ErrorValidationsTest" name="VerifyLogin" time="0.0"/>
</testsuite> <!-- Error Validation Test -->
