<?xml version="1.0" encoding="UTF-8"?>
<!-- Generated by org.testng.reporters.JUnitXMLReporter -->
<testsuite ignored="0" hostname="Amols-MacBook-Air.local" failures="0" tests="1" name="Submit orders test" time="0.023" errors="0" timestamp="2025-01-21T16:49:28 IST">
  <testcase classname="snehalacademy.TestComponents.BaseTest" name="@BeforeMethod LaunchApplication" time="0.002">
    <failure type="java.io.FileNotFoundException" message="/Users/amoljadhav/eclipse-workspace/SeliniumFramewordDesign/src/test/java/snehalacademy/resources/GlobalParameter.properties (No such file or directory)">
      <![CDATA[java.io.FileNotFoundException: /Users/amoljadhav/eclipse-workspace/SeliniumFramewordDesign/src/test/java/snehalacademy/resources/GlobalParameter.properties (No such file or directory)
at java.base/java.io.FileInputStream.open0(Native Method)
at java.base/java.io.FileInputStream.open(FileInputStream.java:213)
at java.base/java.io.FileInputStream.<init>(FileInputStream.java:152)
at java.base/java.io.FileInputStream.<init>(FileInputStream.java:106)
at snehalacademy.TestComponents.BaseTest.initalizeDriver(BaseTest.java:25)
at snehalacademy.TestComponents.BaseTest.LaunchApplication(BaseTest.java:53)
at java.base/java.util.ArrayList.forEach(ArrayList.java:1596)
... Removed 29 stack frames]]>
    </failure>
  </testcase> <!-- @BeforeMethod LaunchApplication -->
  <testcase classname="snehalacademy.Test.SubmitOrderTest" name="SubmitOrder" time="0.0">
    <skipped/>
  </testcase> <!-- SubmitOrder -->
</testsuite> <!-- Submit orders test -->
