<?xml version="1.0" encoding="UTF-8"?>
<testng-results ignored="0" total="4" passed="3" failed="1" skipped="0">
  <reporter-output>
  </reporter-output>
  <suite started-at="2025-01-25T06:50:18 IST" name="Suite" finished-at="2025-01-25T06:50:31 IST" duration-ms="13098">
    <groups>
      <group name="Purchase">
        <method signature="SubmitOrderTest.SubmitOrder(java.util.HashMap)[pri:0, instance:snehalacademy.Test.SubmitOrderTest@163e4e87]" name="SubmitOrder" class="snehalacademy.Test.SubmitOrderTest"/>
      </group> <!-- Purchase -->
      <group name="Verification">
        <method signature="ErrorValidationsTest.ErrorValidationTest()[pri:0, instance:snehalacademy.Test.ErrorValidationsTest@13e39c73]" name="ErrorValidationTest" class="snehalacademy.Test.ErrorValidationsTest"/>
      </group> <!-- Verification -->
    </groups>
    <test started-at="2025-01-25T06:50:18 IST" name="Submit Order Test" finished-at="2025-01-25T06:50:26 IST" duration-ms="8314">
      <class name="snehalacademy.Test.SubmitOrderTest">
        <test-method is-config="true" signature="LaunchApplication()[pri:0, instance:snehalacademy.Test.SubmitOrderTest@163e4e87]" started-at="2025-01-25T06:50:18 IST" name="LaunchApplication" finished-at="2025-01-25T06:50:19 IST" duration-ms="1362" status="PASS">
          <reporter-output>
          </reporter-output>
        </test-method> <!-- LaunchApplication -->
        <test-method signature="SubmitOrder(java.util.HashMap)[pri:0, instance:snehalacademy.Test.SubmitOrderTest@163e4e87]" started-at="2025-01-25T06:50:19 IST" name="SubmitOrder" data-provider="getData" finished-at="2025-01-25T06:50:22 IST" duration-ms="2667" status="PASS">
          <params>
            <param index="0">
              <value>
                <![CDATA[{productname=IPHONE 13 PRO, password=Sne@1993, email=snehalschavans@gmail.com}]]>
              </value>
            </param>
          </params>
          <reporter-output>
          </reporter-output>
        </test-method> <!-- SubmitOrder -->
        <test-method is-config="true" signature="teardown()[pri:0, instance:snehalacademy.Test.SubmitOrderTest@163e4e87]" started-at="2025-01-25T06:50:22 IST" name="teardown" finished-at="2025-01-25T06:50:22 IST" duration-ms="112" status="PASS">
          <reporter-output>
          </reporter-output>
        </test-method> <!-- teardown -->
        <test-method is-config="true" signature="LaunchApplication()[pri:0, instance:snehalacademy.Test.SubmitOrderTest@163e4e87]" started-at="2025-01-25T06:50:22 IST" name="LaunchApplication" finished-at="2025-01-25T06:50:24 IST" duration-ms="1553" status="PASS">
          <reporter-output>
          </reporter-output>
        </test-method> <!-- LaunchApplication -->
        <test-method signature="SubmitOrder(java.util.HashMap)[pri:0, instance:snehalacademy.Test.SubmitOrderTest@163e4e87]" started-at="2025-01-25T06:50:24 IST" name="SubmitOrder" data-provider="getData" finished-at="2025-01-25T06:50:26 IST" duration-ms="2415" status="PASS">
          <params>
            <param index="0">
              <value>
                <![CDATA[{productname=QWERTY, password=Iamking@000, email=shetty@gmail.com}]]>
              </value>
            </param>
          </params>
          <reporter-output>
          </reporter-output>
        </test-method> <!-- SubmitOrder -->
        <test-method is-config="true" signature="teardown()[pri:0, instance:snehalacademy.Test.SubmitOrderTest@163e4e87]" started-at="2025-01-25T06:50:26 IST" name="teardown" finished-at="2025-01-25T06:50:26 IST" duration-ms="112" status="PASS">
          <reporter-output>
          </reporter-output>
        </test-method> <!-- teardown -->
      </class> <!-- snehalacademy.Test.SubmitOrderTest -->
    </test> <!-- Submit Order Test -->
    <test started-at="2025-01-25T06:50:26 IST" name="Error Validation Test" finished-at="2025-01-25T06:50:31 IST" duration-ms="4777">
      <class name="snehalacademy.Test.ErrorValidationsTest">
        <test-method is-config="true" signature="LaunchApplication()[pri:0, instance:snehalacademy.Test.ErrorValidationsTest@13e39c73]" started-at="2025-01-25T06:50:26 IST" name="LaunchApplication" finished-at="2025-01-25T06:50:28 IST" duration-ms="1314" status="PASS">
          <reporter-output>
          </reporter-output>
        </test-method> <!-- LaunchApplication -->
        <test-method signature="ErrorValidationTest()[pri:0, instance:snehalacademy.Test.ErrorValidationsTest@13e39c73]" started-at="2025-01-25T06:50:28 IST" name="ErrorValidationTest" finished-at="2025-01-25T06:50:28 IST" duration-ms="790" status="FAIL">
          <exception class="java.lang.AssertionError">
            <message>
              <![CDATA[expected [Incorrect email or password.] but found [Incorrect email password.]]]>
            </message>
            <full-stacktrace>
              <![CDATA[java.lang.AssertionError: expected [Incorrect email or password.] but found [Incorrect email password.]
at org.testng.Assert.fail(Assert.java:111)
at org.testng.Assert.failNotEquals(Assert.java:1578)
at org.testng.Assert.assertEqualsImpl(Assert.java:150)
at org.testng.Assert.assertEquals(Assert.java:132)
at org.testng.Assert.assertEquals(Assert.java:656)
at org.testng.Assert.assertEquals(Assert.java:666)
at snehalacademy.Test.ErrorValidationsTest.ErrorValidationTest(ErrorValidationsTest.java:30)
at java.base/jdk.internal.reflect.DirectMethodHandleAccessor.invoke(DirectMethodHandleAccessor.java:103)
at java.base/java.lang.reflect.Method.invoke(Method.java:580)
at org.testng.internal.invokers.MethodInvocationHelper.invokeMethod(MethodInvocationHelper.java:141)
at org.testng.internal.invokers.TestInvoker.invokeMethod(TestInvoker.java:686)
at org.testng.internal.invokers.TestInvoker.invokeTestMethod(TestInvoker.java:230)
at org.testng.internal.invokers.MethodRunner.runInSequence(MethodRunner.java:63)
at org.testng.internal.invokers.TestInvoker$MethodInvocationAgent.invoke(TestInvoker.java:992)
at org.testng.internal.invokers.TestInvoker.invokeTestMethods(TestInvoker.java:203)
at org.testng.internal.invokers.TestMethodWorker.invokeTestMethods(TestMethodWorker.java:154)
at org.testng.internal.invokers.TestMethodWorker.run(TestMethodWorker.java:134)
at java.base/java.util.ArrayList.forEach(ArrayList.java:1596)
at org.testng.TestRunner.privateRun(TestRunner.java:739)
at org.testng.TestRunner.run(TestRunner.java:614)
at org.testng.SuiteRunner.runTest(SuiteRunner.java:421)
at org.testng.SuiteRunner.runSequentially(SuiteRunner.java:413)
at org.testng.SuiteRunner.privateRun(SuiteRunner.java:373)
at org.testng.SuiteRunner.run(SuiteRunner.java:312)
at org.testng.SuiteRunnerWorker.runSuite(SuiteRunnerWorker.java:52)
at org.testng.SuiteRunnerWorker.run(SuiteRunnerWorker.java:95)
at org.testng.TestNG.runSuitesSequentially(TestNG.java:1274)
at org.testng.TestNG.runSuitesLocally(TestNG.java:1208)
at org.testng.TestNG.runSuites(TestNG.java:1112)
at org.testng.TestNG.run(TestNG.java:1079)
at org.apache.maven.surefire.testng.TestNGExecutor.run(TestNGExecutor.java:308)
at org.apache.maven.surefire.testng.TestNGXmlTestSuite.execute(TestNGXmlTestSuite.java:71)
at org.apache.maven.surefire.testng.TestNGProvider.invoke(TestNGProvider.java:113)
at org.apache.maven.surefire.booter.ForkedBooter.runSuitesInProcess(ForkedBooter.java:385)
at org.apache.maven.surefire.booter.ForkedBooter.execute(ForkedBooter.java:162)
at org.apache.maven.surefire.booter.ForkedBooter.run(ForkedBooter.java:507)
at org.apache.maven.surefire.booter.ForkedBooter.main(ForkedBooter.java:495)
]]>
            </full-stacktrace>
          </exception> <!-- java.lang.AssertionError -->
          <reporter-output>
          </reporter-output>
        </test-method> <!-- ErrorValidationTest -->
        <test-method is-config="true" signature="teardown()[pri:0, instance:snehalacademy.Test.ErrorValidationsTest@13e39c73]" started-at="2025-01-25T06:50:28 IST" name="teardown" finished-at="2025-01-25T06:50:28 IST" duration-ms="69" status="PASS">
          <reporter-output>
          </reporter-output>
        </test-method> <!-- teardown -->
        <test-method is-config="true" signature="LaunchApplication()[pri:0, instance:snehalacademy.Test.ErrorValidationsTest@13e39c73]" started-at="2025-01-25T06:50:28 IST" name="LaunchApplication" finished-at="2025-01-25T06:50:31 IST" duration-ms="2513" status="PASS">
          <reporter-output>
          </reporter-output>
        </test-method> <!-- LaunchApplication -->
        <test-method signature="VerifyLogin()[pri:0, instance:snehalacademy.Test.ErrorValidationsTest@13e39c73]" started-at="2025-01-25T06:50:31 IST" name="VerifyLogin" finished-at="2025-01-25T06:50:31 IST" duration-ms="1" status="PASS">
          <reporter-output>
          </reporter-output>
        </test-method> <!-- VerifyLogin -->
        <test-method is-config="true" signature="teardown()[pri:0, instance:snehalacademy.Test.ErrorValidationsTest@13e39c73]" started-at="2025-01-25T06:50:31 IST" name="teardown" finished-at="2025-01-25T06:50:31 IST" duration-ms="82" status="PASS">
          <reporter-output>
          </reporter-output>
        </test-method> <!-- teardown -->
      </class> <!-- snehalacademy.Test.ErrorValidationsTest -->
    </test> <!-- Error Validation Test -->
  </suite> <!-- Suite -->
</testng-results>
